[grammar (info)] Line 34: 
Production Rules:
   (precedences (shown between parentheses) were set by %prec;
    are equal to the precedence of the rules' 1st terminal tokens;
    or (if not shown) are equal to the default (max) precedence)
1: expr (NR) ->  NR
2: expr (IDENT) ->  IDENT
3: expr ->  expr index
4: expr ('-') ->  '-' expr
5: expr ('+') ->  expr '+' expr
6: expr ('*') ->  expr '*' expr
7: index ('[') ->  '[' expr ']'
8: expr_$ ->  expr


Symbolic Terminal tokens:
       error
       EOF
   257: IDENT
   258: NR
    43: '+'
    42: '*'
    45: '-'
    91: '['
    93: ']'


Grammar States: 

State 0:
8: expr_$ ->  . expr 
  0:   On expr to state 1
  1:   On NR to state 2
  2:   On IDENT to state 3
  3:   On '-' to state 4


State 1:
8: expr_$ -> expr  . 
3: expr -> expr  . index 
5: expr -> expr  . '+' expr 
6: expr -> expr  . '*' expr 
  0:   On index to state 5
  1:   On '+' to state 6
  2:   On '*' to state 7
  3:   On '[' to state 8


State 2:
1: expr -> NR  . 
  Reduce by 1: expr -> NR  . 


State 3:
2: expr -> IDENT  . 
  Reduce by 2: expr -> IDENT  . 


State 4:
4: expr -> '-'  . expr 
  0:   On expr to state 9
  1:   On NR to state 2
  2:   On IDENT to state 3
  3:   On '-' to state 4


State 5:
3: expr -> expr index  . 
  Reduce by 3: expr -> expr index  . 


State 6:
5: expr -> expr '+'  . expr 
  0:   On expr to state 10
  1:   On NR to state 2
  2:   On IDENT to state 3
  3:   On '-' to state 4


State 7:
6: expr -> expr '*'  . expr 
  0:   On expr to state 11
  1:   On NR to state 2
  2:   On IDENT to state 3
  3:   On '-' to state 4


State 8:
7: index -> '['  . expr ']' 
  0:   On expr to state 12
  1:   On NR to state 2
  2:   On IDENT to state 3
  3:   On '-' to state 4


State 9:
4: expr -> '-' expr  . 
3: expr -> expr  . index 
5: expr -> expr  . '+' expr 
6: expr -> expr  . '*' expr 
  0:   On index to state 5
  1 (removed by precedence):   On '+' to state 6
  2 (removed by precedence):   On '*' to state 7
  3 (removed by precedence):   On '[' to state 8
  Reduce by 4: expr -> '-' expr  . 


State 10:
5: expr -> expr '+' expr  . 
3: expr -> expr  . index 
5: expr -> expr  . '+' expr 
6: expr -> expr  . '*' expr 
  0:   On index to state 5
  1 (removed by precedence):   On '+' to state 6
  2:   On '*' to state 7
  3 (removed by precedence):   On '[' to state 8
  Reduce by 5: expr -> expr '+' expr  . 


State 11:
6: expr -> expr '*' expr  . 
3: expr -> expr  . index 
5: expr -> expr  . '+' expr 
6: expr -> expr  . '*' expr 
  0:   On index to state 5
  1 (removed by precedence):   On '+' to state 6
  2 (removed by precedence):   On '*' to state 7
  3 (removed by precedence):   On '[' to state 8
  Reduce by 6: expr -> expr '*' expr  . 


State 12:
7: index -> '[' expr  . ']' 
3: expr -> expr  . index 
5: expr -> expr  . '+' expr 
6: expr -> expr  . '*' expr 
  0:   On ']' to state 13
  1:   On index to state 5
  2:   On '+' to state 6
  3:   On '*' to state 7
  4:   On '[' to state 8


State 13:
7: index -> '[' expr ']'  . 
  Reduce by 7: index -> '[' expr ']'  . 



