[grammar (info)] Line 31: 
Production Rules:
   (precedences (shown between parentheses) were set by %prec;
    are equal to the precedence of the rules' 1st terminal tokens;
    or (if not shown) are equal to the default (max) precedence)
1: list ->  plain
2: list (WORD) ->  WORD ',' separated
3: list ->  <empty>
4: plain (WORD) ->  plain WORD
5: plain (WORD) ->  WORD
6: separated (',') ->  separated ',' WORD
7: separated (WORD) ->  WORD
8: list_$ ->  list


Symbolic Terminal tokens:
       error
       EOF
   257: WORD
    44: ','


Grammar States: 

State 0:
8: list_$ ->  . list 
  0:   On list to state 1
  1:   On plain to state 2
  2:   On WORD to state 3
  Reduce by 3: list ->  . 


State 1:
8: list_$ -> list  . 


State 2:
1: list -> plain  . 
4: plain -> plain  . WORD 
  0:   On WORD to state 4
  Reduce by 1: list -> plain  . 


State 3:
2: list -> WORD  . ',' separated 
5: plain -> WORD  . 
  0:   On ',' to state 5
  Reduce by 5: plain -> WORD  . 


State 4:
4: plain -> plain WORD  . 
  Reduce by 4: plain -> plain WORD  . 


State 5:
2: list -> WORD ','  . separated 
  0:   On separated to state 6
  1:   On WORD to state 7


State 6:
2: list -> WORD ',' separated  . 
6: separated -> separated  . ',' WORD 
  0:   On ',' to state 8
  Reduce by 2: list -> WORD ',' separated  . 


State 7:
7: separated -> WORD  . 
  Reduce by 7: separated -> WORD  . 


State 8:
6: separated -> separated ','  . WORD 
  0:   On WORD to state 9


State 9:
6: separated -> separated ',' WORD  . 
  Reduce by 6: separated -> separated ',' WORD  . 



